
Unhandled Exception: System.Exception: only one active dialog is allowed
at SCSharpMac.UI.UIScreen.ShowDialog (SCSharpMac.UI.UIDialog) <0x000e3>
at SCSharpMac.UI.MainMenu.ShowGameModeDialog (SCSharpMac.UI.UIScreenType) <0x00112>
at SCSharpMac.UI.MainMenu.<ResourceLoader>m__5 () <0x00027>
at SCSharpMac.UI.UIElement.OnActivate () <0x0001f>
at SCSharpMac.UI.ButtonElement.MouseButtonUp (MonoMac.AppKit.NSEvent) <0x000a3>
at SCSharpMac.UI.UIScreen.MouseButtonUp (MonoMac.AppKit.NSEvent) <0x00040>
at SCSharpMac.UI.UIScreen.HandleMouseButtonUp (MonoMac.AppKit.NSEvent) <0x00019>
at SCSharpMac.UI.Game.MouseUp (MonoMac.AppKit.NSEvent) <0x00173>
at (wrapper dynamic-method) object.[SCSharpMac.UI.Game.Void MouseUp(MonoMac.AppKit.NSEvent)] (MonoMac.Foundation.NSObject,MonoMac.ObjCRuntime.Selector,MonoMac.AppKit.NSEvent) <0x00033>
at (wrapper native-to-managed) object.[SCSharpMac.UI.Game.Void MouseUp(MonoMac.AppKit.NSEvent)] (MonoMac.Foundation.NSObject,MonoMac.ObjCRuntime.Selector,MonoMac.AppKit.NSEvent) <0x000fb>
at (wrapper managed-to-native) MonoMac.AppKit.NSApplication.NSApplicationMain (int,string[]) <0x00003>
at MonoMac.AppKit.NSApplication.Main (string[]) <0x00017>
at SCSharpMac.MainClass.Main (string[]) <0x00017>

[ERROR] FATAL UNHANDLED EXCEPTION: System.Exception: only one active dialog is allowed
at SCSharpMac.UI.UIScreen.ShowDialog (SCSharpMac.UI.UIDialog) <0x000e3>
at SCSharpMac.UI.MainMenu.ShowGameModeDialog (SCSharpMac.UI.UIScreenType) <0x00112>
at SCSharpMac.UI.MainMenu.<ResourceLoader>m__5 () <0x00027>
at SCSharpMac.UI.UIElement.OnActivate () <0x0001f>
at SCSharpMac.UI.ButtonElement.MouseButtonUp (MonoMac.AppKit.NSEvent) <0x000a3>
at SCSharpMac.UI.UIScreen.MouseButtonUp (MonoMac.AppKit.NSEvent) <0x00040>
at SCSharpMac.UI.UIScreen.HandleMouseButtonUp (MonoMac.AppKit.NSEvent) <0x00019>
at SCSharpMac.UI.Game.MouseUp (MonoMac.AppKit.NSEvent) <0x00173>
at (wrapper dynamic-method) object.[SCSharpMac.UI.Game.Void MouseUp(MonoMac.AppKit.NSEvent)] (MonoMac.Foundation.NSObject,MonoMac.ObjCRuntime.Selector,MonoMac.AppKit.NSEvent) <0x00033>
at (wrapper native-to-managed) object.[SCSharpMac.UI.Game.Void MouseUp(MonoMac.AppKit.NSEvent)] (MonoMac.Foundation.NSObject,MonoMac.ObjCRuntime.Selector,MonoMac.AppKit.NSEvent) <0x000fb>
at (wrapper managed-to-native) MonoMac.AppKit.NSApplication.NSApplicationMain (int,string[]) <0x00003>
at MonoMac.AppKit.NSApplication.Main (string[]) <0x00017>
at SCSharpMac.MainClass.Main (string[]) <0x00017>

